c:\users\nealw\source\repos\champlain\gpr-480-01\shared\graphicslib\graphicslibsdl\debug\graphicslib.pdb
c:\users\nealw\source\repos\champlain\gpr-480-01\shared\graphicslib\graphicslibsdl\debug\sdl_fontcache.obj
c:\users\nealw\source\repos\champlain\gpr-480-01\shared\graphicslib\graphicslibsdl\debug\system.obj
c:\users\nealw\source\repos\champlain\gpr-480-01\shared\graphicslib\graphicslibsdl\debug\spritemanager.obj
c:\users\nealw\source\repos\champlain\gpr-480-01\shared\graphicslib\graphicslibsdl\debug\sprite.obj
c:\users\nealw\source\repos\champlain\gpr-480-01\shared\graphicslib\graphicslibsdl\debug\renderer.obj
c:\users\nealw\source\repos\champlain\gpr-480-01\shared\graphicslib\graphicslibsdl\debug\interfaceevents.obj
c:\users\nealw\source\repos\champlain\gpr-480-01\shared\graphicslib\graphicslibsdl\debug\inputsystem.obj
c:\users\nealw\source\repos\champlain\gpr-480-01\shared\graphicslib\graphicslibsdl\debug\graphicssystem.obj
c:\users\nealw\source\repos\champlain\gpr-480-01\shared\graphicslib\graphicslibsdl\debug\graphicsbuffermanager.obj
c:\users\nealw\source\repos\champlain\gpr-480-01\shared\graphicslib\graphicslibsdl\debug\graphicsbuffer.obj
c:\users\nealw\source\repos\champlain\gpr-480-01\shared\graphicslib\graphicslibsdl\debug\fontmanager.obj
c:\users\nealw\source\repos\champlain\gpr-480-01\shared\graphicslib\graphicslibsdl\debug\font.obj
c:\users\nealw\source\repos\champlain\gpr-480-01\shared\graphicslib\graphicslibsdl\debug\eventsystem.obj
c:\users\nealw\source\repos\champlain\gpr-480-01\shared\graphicslib\graphicslibsdl\debug\eventlistener.obj
c:\users\nealw\source\repos\champlain\gpr-480-01\shared\graphicslib\graphicslibsdl\debug\event.obj
c:\users\nealw\source\repos\champlain\gpr-480-01\shared\graphicslib\graphicslibsdl\debug\color.obj
c:\users\nealw\source\repos\champlain\gpr-480-01\shared\graphicslib\graphicslibsdl\debug\animation.obj
c:\users\nealw\source\repos\champlain\gpr-480-01\shared\graphicslib\graphicslibsdl\debug\graphicslib.lib
c:\users\nealw\source\repos\champlain\gpr-480-01\shared\graphicslib\graphicslibsdl\debug\graphicslib.tlog\cl.command.1.tlog
c:\users\nealw\source\repos\champlain\gpr-480-01\shared\graphicslib\graphicslibsdl\debug\graphicslib.tlog\cl.read.1.tlog
c:\users\nealw\source\repos\champlain\gpr-480-01\shared\graphicslib\graphicslibsdl\debug\graphicslib.tlog\cl.write.1.tlog
c:\users\nealw\source\repos\champlain\gpr-480-01\shared\graphicslib\graphicslibsdl\debug\graphicslib.tlog\lib-link.read.1.tlog
c:\users\nealw\source\repos\champlain\gpr-480-01\shared\graphicslib\graphicslibsdl\debug\graphicslib.tlog\lib-link.write.1.tlog
c:\users\nealw\source\repos\champlain\gpr-480-01\shared\graphicslib\graphicslibsdl\debug\graphicslib.tlog\lib.command.1.tlog
