  Animation.cpp
C:\Users\NealW\source\repos\Portfolio\Old Champlain\gamerecorder\assignment 5\GraphicsLib\GraphicsLibSDL\Sprite.h(3,10): fatal  error C1083: Cannot open include file: 'Trackable.h': No such file or directory
  Color.cpp
C:\Users\NealW\source\repos\Portfolio\Old Champlain\gamerecorder\assignment 5\GraphicsLib\GraphicsLibSDL\Color.h(3,10): fatal  error C1083: Cannot open include file: 'Trackable.h': No such file or directory
  Event.cpp
C:\Users\NealW\source\repos\Portfolio\Old Champlain\gamerecorder\assignment 5\GraphicsLib\GraphicsLibSDL\Event.h(4,10): fatal  error C1083: Cannot open include file: 'trackable.h': No such file or directory
  EventListener.cpp
C:\Users\NealW\source\repos\Portfolio\Old Champlain\gamerecorder\assignment 5\GraphicsLib\GraphicsLibSDL\EventListener.h(3,10): fatal  error C1083: Cannot open include file: 'Trackable.h': No such file or directory
  EventSystem.cpp
C:\Users\NealW\source\repos\Portfolio\Old Champlain\gamerecorder\assignment 5\GraphicsLib\GraphicsLibSDL\EventSystem.h(4,10): fatal  error C1083: Cannot open include file: 'Trackable.h': No such file or directory
  Font.cpp
C:\Users\NealW\source\repos\Portfolio\Old Champlain\gamerecorder\assignment 5\GraphicsLib\GraphicsLibSDL\Font.h(3,10): fatal  error C1083: Cannot open include file: 'Trackable.h': No such file or directory
  FontManager.cpp
C:\Users\NealW\source\repos\Portfolio\Old Champlain\gamerecorder\assignment 5\GraphicsLib\GraphicsLibSDL\FontManager.h(3,10): fatal  error C1083: Cannot open include file: 'Trackable.h': No such file or directory
  GraphicsBuffer.cpp
C:\Users\NealW\source\repos\Portfolio\Old Champlain\gamerecorder\assignment 5\GraphicsLib\GraphicsLibSDL\GraphicsBuffer.h(3,10): fatal  error C1083: Cannot open include file: 'Trackable.h': No such file or directory
  GraphicsBufferManager.cpp
C:\Users\NealW\source\repos\Portfolio\Old Champlain\gamerecorder\assignment 5\GraphicsLib\GraphicsLibSDL\GraphicsBufferManager.h(5,10): fatal  error C1083: Cannot open include file: 'Trackable.h': No such file or directory
  GraphicsSystem.cpp
C:\Users\NealW\source\repos\Portfolio\Old Champlain\gamerecorder\assignment 5\GraphicsLib\GraphicsLibSDL\GraphicsSystem.h(3,10): fatal  error C1083: Cannot open include file: 'SDL.h': No such file or directory
  InputSystem.cpp
C:\Users\NealW\source\repos\Portfolio\Old Champlain\gamerecorder\assignment 5\GraphicsLib\GraphicsLibSDL\InputSystem.h(3,10): fatal  error C1083: Cannot open include file: 'Trackable.h': No such file or directory
  InterfaceEvents.cpp
C:\Users\NealW\source\repos\Portfolio\Old Champlain\gamerecorder\assignment 5\GraphicsLib\GraphicsLibSDL\InterfaceEvents.h(3,10): fatal  error C1083: Cannot open include file: 'Vector2D.h': No such file or directory
  Renderer.cpp
C:\Users\NealW\source\repos\Portfolio\Old Champlain\gamerecorder\assignment 5\GraphicsLib\GraphicsLibSDL\Renderer.h(3,10): fatal  error C1083: Cannot open include file: 'Trackable.h': No such file or directory
  Sprite.cpp
C:\Users\NealW\source\repos\Portfolio\Old Champlain\gamerecorder\assignment 5\GraphicsLib\GraphicsLibSDL\Sprite.h(3,10): fatal  error C1083: Cannot open include file: 'Trackable.h': No such file or directory
  SpriteManager.cpp
C:\Users\NealW\source\repos\Portfolio\Old Champlain\gamerecorder\assignment 5\GraphicsLib\GraphicsLibSDL\SpriteManager.h(1,10): fatal  error C1083: Cannot open include file: 'Trackable.h': No such file or directory
  System.cpp
C:\Users\NealW\source\repos\Portfolio\Old Champlain\gamerecorder\assignment 5\GraphicsLib\GraphicsLibSDL\System.h(3,10): fatal  error C1083: Cannot open include file: 'Trackable.h': No such file or directory
  Generating Code...
